# JRE version: Java(TM) SE Runtime Environment (17.0.12+8) (build 17.0.12+8-LTS-286)
# Java VM: Java HotSpot(TM) 64-Bit Server VM (17.0.12+8-LTS-286, mixed mode, sharing, tiered, compressed oops, compressed class ptrs, g1 gc, windows-amd64)
GC Precious Log:
 CPUs: 8 total, 8 available
 Memory: 7914M
 Large Page Support: Disabled
 NUMA Support: Disabled
 Compressed Oops: Enabled (Zero based)
 Heap Region Size: 2M
 Heap Min Capacity: 8M
 Heap Initial Capacity: 124M
 Heap Max Capacity: 4G
 Pre-touch: Disabled
 Parallel Workers: 8
 Concurrent Workers: 2
 Concurrent Refinement Workers: 8
 Periodic GC: Disabled
Heap:
 garbage-first heap   total 253952K, used 201801K [0x0000000700000000, 0x0000000800000000)
  region size 2048K, 16 young (32768K), 3 survivors (6144K)
 Metaspace       used 111276K, committed 112448K, reserved 1179648K
  class space    used 15559K, committed 16128K, reserved 1048576K
GC Heap History (20 events):
Event: 50.700 GC heap before
{Heap before GC invocations=43 (full 0):
 garbage-first heap   total 210944K, used 174812K [0x0000000700000000, 0x0000000800000000)
  region size 2048K, 21 young (43008K), 2 survivors (4096K)
 Metaspace       used 99471K, committed 100480K, reserved 1179648K
  class space    used 13873K, committed 14336K, reserved 1048576K
}
Event: 50.707 GC heap after
{Heap after GC invocations=44 (full 0):
 garbage-first heap   total 210944K, used 138145K [0x0000000700000000, 0x0000000800000000)
  region size 2048K, 3 young (6144K), 3 survivors (6144K)
 Metaspace       used 99471K, committed 100480K, reserved 1179648K
  class space    used 13873K, committed 14336K, reserved 1048576K
}
Event: 51.201 GC heap before
{Heap before GC invocations=44 (full 0):
 garbage-first heap   total 210944K, used 175009K [0x0000000700000000, 0x0000000800000000)
  region size 2048K, 21 young (43008K), 3 survivors (6144K)
 Metaspace       used 100161K, committed 101184K, reserved 1179648K
  class space    used 13984K, committed 14464K, reserved 1048576K
}
Event: 51.209 GC heap after
{Heap after GC invocations=45 (full 0):
 garbage-first heap   total 210944K, used 142179K [0x0000000700000000, 0x0000000800000000)
  region size 2048K, 3 young (6144K), 3 survivors (6144K)
 Metaspace       used 100161K, committed 101184K, reserved 1179648K
  class space    used 13984K, committed 14464K, reserved 1048576K
}
Event: 51.910 GC heap before
{Heap before GC invocations=45 (full 0):
 garbage-first heap   total 210944K, used 176995K [0x0000000700000000, 0x0000000800000000)
  region size 2048K, 20 young (40960K), 3 survivors (6144K)
 Metaspace       used 101425K, committed 102400K, reserved 1179648K
  class space    used 14162K, committed 14656K, reserved 1048576K
}
Event: 51.918 GC heap after
{Heap after GC invocations=46 (full 0):
 garbage-first heap   total 210944K, used 148067K [0x0000000700000000, 0x0000000800000000)
  region size 2048K, 3 young (6144K), 3 survivors (6144K)
 Metaspace       used 101425K, committed 102400K, reserved 1179648K
  class space    used 14162K, committed 14656K, reserved 1048576K
}
Event: 52.625 GC heap before
{Heap before GC invocations=46 (full 0):
 garbage-first heap   total 210944K, used 174691K [0x0000000700000000, 0x0000000800000000)
  region size 2048K, 17 young (34816K), 3 survivors (6144K)
 Metaspace       used 102434K, committed 103424K, reserved 1179648K
  class space    used 14355K, committed 14848K, reserved 1048576K
}
Event: 52.633 GC heap after
{Heap after GC invocations=47 (full 0):
 garbage-first heap   total 210944K, used 152325K [0x0000000700000000, 0x0000000800000000)
  region size 2048K, 3 young (6144K), 3 survivors (6144K)
 Metaspace       used 102434K, committed 103424K, reserved 1179648K
  class space    used 14355K, committed 14848K, reserved 1048576K
}
Event: 53.133 GC heap before
{Heap before GC invocations=47 (full 0):
 garbage-first heap   total 210944K, used 174853K [0x0000000700000000, 0x0000000800000000)
  region size 2048K, 14 young (28672K), 3 survivors (6144K)
 Metaspace       used 102570K, committed 103616K, reserved 1179648K
  class space    used 14369K, committed 14848K, reserved 1048576K
}
Event: 53.139 GC heap after
{Heap after GC invocations=48 (full 0):
 garbage-first heap   total 210944K, used 163282K [0x0000000700000000, 0x0000000800000000)
  region size 2048K, 2 young (4096K), 2 survivors (4096K)
 Metaspace       used 102570K, committed 103616K, reserved 1179648K
  class space    used 14369K, committed 14848K, reserved 1048576K
}
Event: 53.357 GC heap before
{Heap before GC invocations=48 (full 0):
 garbage-first heap   total 210944K, used 175570K [0x0000000700000000, 0x0000000800000000)
  region size 2048K, 8 young (16384K), 2 survivors (4096K)
 Metaspace       used 102740K, committed 103808K, reserved 1179648K
  class space    used 14394K, committed 14912K, reserved 1048576K
}
Event: 53.362 GC heap after
{Heap after GC invocations=49 (full 0):
 garbage-first heap   total 253952K, used 166996K [0x0000000700000000, 0x0000000800000000)
  region size 2048K, 1 young (2048K), 1 survivors (2048K)
 Metaspace       used 102740K, committed 103808K, reserved 1179648K
  class space    used 14394K, committed 14912K, reserved 1048576K
}
Event: 53.960 GC heap before
{Heap before GC invocations=49 (full 0):
 garbage-first heap   total 253952K, used 201812K [0x0000000700000000, 0x0000000800000000)
  region size 2048K, 19 young (38912K), 1 survivors (2048K)
 Metaspace       used 104569K, committed 105664K, reserved 1179648K
  class space    used 14649K, committed 15168K, reserved 1048576K
}
Event: 53.969 GC heap after
{Heap after GC invocations=50 (full 0):
 garbage-first heap   total 253952K, used 170320K [0x0000000700000000, 0x0000000800000000)
  region size 2048K, 3 young (6144K), 3 survivors (6144K)
 Metaspace       used 104569K, committed 105664K, reserved 1179648K
  class space    used 14649K, committed 15168K, reserved 1048576K
}
Event: 54.711 GC heap before
{Heap before GC invocations=50 (full 0):
 garbage-first heap   total 253952K, used 207184K [0x0000000700000000, 0x0000000800000000)
  region size 2048K, 21 young (43008K), 3 survivors (6144K)
 Metaspace       used 108377K, committed 109568K, reserved 1179648K
  class space    used 15181K, committed 15744K, reserved 1048576K
}
Event: 54.718 GC heap after
{Heap after GC invocations=51 (full 0):
 garbage-first heap   total 253952K, used 172876K [0x0000000700000000, 0x0000000800000000)
  region size 2048K, 2 young (4096K), 2 survivors (4096K)
 Metaspace       used 108377K, committed 109568K, reserved 1179648K
  class space    used 15181K, committed 15744K, reserved 1048576K
}
Event: 55.252 GC heap before
{Heap before GC invocations=51 (full 0):
 garbage-first heap   total 253952K, used 207692K [0x0000000700000000, 0x0000000800000000)
  region size 2048K, 19 young (38912K), 2 survivors (4096K)
 Metaspace       used 109960K, committed 111104K, reserved 1179648K
  class space    used 15388K, committed 15936K, reserved 1048576K
}
Event: 55.258 GC heap after
{Heap after GC invocations=52 (full 0):
 garbage-first heap   total 253952K, used 175097K [0x0000000700000000, 0x0000000800000000)
  region size 2048K, 3 young (6144K), 3 survivors (6144K)
 Metaspace       used 109960K, committed 111104K, reserved 1179648K
  class space    used 15388K, committed 15936K, reserved 1048576K
}
Event: 56.027 GC heap before
{Heap before GC invocations=52 (full 0):
 garbage-first heap   total 253952K, used 207865K [0x0000000700000000, 0x0000000800000000)
  region size 2048K, 20 young (40960K), 3 survivors (6144K)
 Metaspace       used 111095K, committed 112192K, reserved 1179648K
  class space    used 15533K, committed 16064K, reserved 1048576K
}
Event: 56.036 GC heap after
{Heap after GC invocations=53 (full 0):
 garbage-first heap   total 253952K, used 179273K [0x0000000700000000, 0x0000000800000000)
  region size 2048K, 3 young (6144K), 3 survivors (6144K)
 Metaspace       used 111095K, committed 112192K, reserved 1179648K
  class space    used 15533K, committed 16064K, reserved 1048576K
}

